[0.010s] Invoking command in '/home/ubuntu/test/ros2-tutorials/build/learning_tf2_cpp': CMAKE_PREFIX_PATH=/opt/ros/humble /usr/bin/cmake /home/ubuntu/test/ros2-tutorials/src/learning_tf2_cpp -DCMAKE_INSTALL_PREFIX=/home/ubuntu/test/ros2-tutorials/install/learning_tf2_cpp
[0.173s] -- The C compiler identification is GNU 11.4.0
[0.264s] -- The CXX compiler identification is GNU 11.4.0
[0.277s] -- Detecting C compiler ABI info
[0.350s] -- Detecting C compiler ABI info - done
[0.354s] -- Check for working C compiler: /usr/bin/cc - skipped
[0.355s] -- Detecting C compile features
[0.356s] -- Detecting C compile features - done
[0.359s] -- Detecting CXX compiler ABI info
[0.425s] -- Detecting CXX compiler ABI info - done
[0.430s] -- Check for working CXX compiler: /usr/bin/c++ - skipped
[0.430s] -- Detecting CXX compile features
[0.430s] -- Detecting CXX compile features - done
[0.434s] -- Found ament_cmake: 1.3.10 (/opt/ros/humble/share/ament_cmake/cmake)
[0.546s] -- Found Python3: /usr/bin/python3 (found version "3.10.12") found components: Interpreter 
[0.640s] -- Found geometry_msgs: 4.2.4 (/opt/ros/humble/share/geometry_msgs/cmake)
[0.662s] -- Found rosidl_generator_c: 3.1.5 (/opt/ros/humble/share/rosidl_generator_c/cmake)
[0.666s] -- Found rosidl_adapter: 3.1.5 (/opt/ros/humble/share/rosidl_adapter/cmake)
[0.669s] -- Found rosidl_generator_cpp: 3.1.5 (/opt/ros/humble/share/rosidl_generator_cpp/cmake)
[0.677s] -- Using all available rosidl_typesupport_c: rosidl_typesupport_fastrtps_c;rosidl_typesupport_introspection_c
[0.687s] -- Using all available rosidl_typesupport_cpp: rosidl_typesupport_fastrtps_cpp;rosidl_typesupport_introspection_cpp
[0.710s] -- Found rclcpp: 16.0.10 (/opt/ros/humble/share/rclcpp/cmake)
[0.731s] -- Found rmw_implementation_cmake: 6.1.2 (/opt/ros/humble/share/rmw_implementation_cmake/cmake)
[0.733s] -- Found rmw_fastrtps_cpp: 6.2.7 (/opt/ros/humble/share/rmw_fastrtps_cpp/cmake)
[0.792s] -- Found OpenSSL: /usr/lib/x86_64-linux-gnu/libcrypto.so (found version "3.0.2")  
[0.813s] -- Found FastRTPS: /opt/ros/humble/include  
[0.838s] -- Using RMW implementation 'rmw_fastrtps_cpp' as default
[0.843s] -- Looking for pthread.h
[0.908s] -- Looking for pthread.h - found
[0.908s] -- Performing Test CMAKE_HAVE_LIBC_PTHREAD
[0.970s] -- Performing Test CMAKE_HAVE_LIBC_PTHREAD - Success
[0.970s] -- Found Threads: TRUE  
[0.995s] -- Found tf2: 0.25.8 (/opt/ros/humble/share/tf2/cmake)
[1.001s] -- Found tf2_ros: 0.25.8 (/opt/ros/humble/share/tf2_ros/cmake)
[1.056s] -- Found turtlesim: 1.4.2 (/opt/ros/humble/share/turtlesim/cmake)
[1.066s] -- Found ament_lint_auto: 0.12.11 (/opt/ros/humble/share/ament_lint_auto/cmake)
[1.129s] -- Added test 'cppcheck' to perform static code analysis on C / C++ code
[1.129s] -- Configured cppcheck include dirs: 
[1.129s] -- Configured cppcheck exclude dirs and/or files: 
[1.130s] -- Added test 'flake8' to check Python code syntax and style conventions
[1.130s] -- Added test 'lint_cmake' to check CMake code style
[1.130s] -- Added test 'pep257' to check Python code against some of the docstring style conventions in PEP 257
[1.131s] -- Added test 'uncrustify' to check C / C++ code style
[1.131s] -- Configured uncrustify additional arguments: 
[1.131s] -- Added test 'xmllint' to check XML markup files
[1.137s] -- Configuring done
[1.155s] -- Generating done
[1.156s] -- Build files have been written to: /home/ubuntu/test/ros2-tutorials/build/learning_tf2_cpp
[1.163s] Invoked command in '/home/ubuntu/test/ros2-tutorials/build/learning_tf2_cpp' returned '0': CMAKE_PREFIX_PATH=/opt/ros/humble /usr/bin/cmake /home/ubuntu/test/ros2-tutorials/src/learning_tf2_cpp -DCMAKE_INSTALL_PREFIX=/home/ubuntu/test/ros2-tutorials/install/learning_tf2_cpp
[1.164s] Invoking command in '/home/ubuntu/test/ros2-tutorials/build/learning_tf2_cpp': CMAKE_PREFIX_PATH=/opt/ros/humble /usr/bin/cmake --build /home/ubuntu/test/ros2-tutorials/build/learning_tf2_cpp -- -j8 -l8
[1.210s] [ 16%] [32mBuilding CXX object CMakeFiles/turtle_tf2_listener.dir/src/turtle_tf2_listener.cpp.o[0m
[1.210s] [ 33%] [32mBuilding CXX object CMakeFiles/static_turtle_tf2_broadcaster.dir/src/static_turtle_tf2_broadcaster.cpp.o[0m
[1.212s] [ 50%] [32mBuilding CXX object CMakeFiles/turtle_tf2_broadcaster.dir/src/turtle_tf2_broadcaster.cpp.o[0m
[5.258s] [ 66%] [32m[1mLinking CXX executable static_turtle_tf2_broadcaster[0m
[5.526s] [ 66%] Built target static_turtle_tf2_broadcaster
[6.673s] [ 83%] [32m[1mLinking CXX executable turtle_tf2_listener[0m
[6.861s] [ 83%] Built target turtle_tf2_listener
[8.626s] [100%] [32m[1mLinking CXX executable turtle_tf2_broadcaster[0m
[8.990s] [100%] Built target turtle_tf2_broadcaster
[9.002s] Invoked command in '/home/ubuntu/test/ros2-tutorials/build/learning_tf2_cpp' returned '0': CMAKE_PREFIX_PATH=/opt/ros/humble /usr/bin/cmake --build /home/ubuntu/test/ros2-tutorials/build/learning_tf2_cpp -- -j8 -l8
[9.060s] Invoking command in '/home/ubuntu/test/ros2-tutorials/build/learning_tf2_cpp': CMAKE_PREFIX_PATH=/opt/ros/humble /usr/bin/cmake --install /home/ubuntu/test/ros2-tutorials/build/learning_tf2_cpp
[9.066s] -- Install configuration: ""
[9.066s] -- Installing: /home/ubuntu/test/ros2-tutorials/install/learning_tf2_cpp/share/ament_index/resource_index/package_run_dependencies/learning_tf2_cpp
[9.067s] -- Installing: /home/ubuntu/test/ros2-tutorials/install/learning_tf2_cpp/share/ament_index/resource_index/parent_prefix_path/learning_tf2_cpp
[9.067s] -- Installing: /home/ubuntu/test/ros2-tutorials/install/learning_tf2_cpp/share/learning_tf2_cpp/environment/ament_prefix_path.sh
[9.067s] -- Installing: /home/ubuntu/test/ros2-tutorials/install/learning_tf2_cpp/share/learning_tf2_cpp/environment/ament_prefix_path.dsv
[9.068s] -- Installing: /home/ubuntu/test/ros2-tutorials/install/learning_tf2_cpp/share/learning_tf2_cpp/environment/path.sh
[9.068s] -- Installing: /home/ubuntu/test/ros2-tutorials/install/learning_tf2_cpp/share/learning_tf2_cpp/environment/path.dsv
[9.068s] -- Installing: /home/ubuntu/test/ros2-tutorials/install/learning_tf2_cpp/share/learning_tf2_cpp/local_setup.bash
[9.068s] -- Installing: /home/ubuntu/test/ros2-tutorials/install/learning_tf2_cpp/share/learning_tf2_cpp/local_setup.sh
[9.068s] -- Installing: /home/ubuntu/test/ros2-tutorials/install/learning_tf2_cpp/share/learning_tf2_cpp/local_setup.zsh
[9.068s] -- Installing: /home/ubuntu/test/ros2-tutorials/install/learning_tf2_cpp/share/learning_tf2_cpp/local_setup.dsv
[9.068s] -- Installing: /home/ubuntu/test/ros2-tutorials/install/learning_tf2_cpp/share/learning_tf2_cpp/package.dsv
[9.068s] -- Installing: /home/ubuntu/test/ros2-tutorials/install/learning_tf2_cpp/share/ament_index/resource_index/packages/learning_tf2_cpp
[9.068s] -- Installing: /home/ubuntu/test/ros2-tutorials/install/learning_tf2_cpp/share/learning_tf2_cpp/cmake/learning_tf2_cppConfig.cmake
[9.068s] -- Installing: /home/ubuntu/test/ros2-tutorials/install/learning_tf2_cpp/share/learning_tf2_cpp/cmake/learning_tf2_cppConfig-version.cmake
[9.068s] -- Installing: /home/ubuntu/test/ros2-tutorials/install/learning_tf2_cpp/share/learning_tf2_cpp/package.xml
[9.068s] -- Installing: /home/ubuntu/test/ros2-tutorials/install/learning_tf2_cpp/lib/learning_tf2_cpp/static_turtle_tf2_broadcaster
[9.069s] -- Set runtime path of "/home/ubuntu/test/ros2-tutorials/install/learning_tf2_cpp/lib/learning_tf2_cpp/static_turtle_tf2_broadcaster" to ""
[9.069s] -- Installing: /home/ubuntu/test/ros2-tutorials/install/learning_tf2_cpp/lib/learning_tf2_cpp/turtle_tf2_broadcaster
[9.071s] -- Set runtime path of "/home/ubuntu/test/ros2-tutorials/install/learning_tf2_cpp/lib/learning_tf2_cpp/turtle_tf2_broadcaster" to ""
[9.071s] -- Installing: /home/ubuntu/test/ros2-tutorials/install/learning_tf2_cpp/share/learning_tf2_cpp/launch
[9.071s] -- Installing: /home/ubuntu/test/ros2-tutorials/install/learning_tf2_cpp/share/learning_tf2_cpp/launch/turtle_tf2_demo.launch.py
[9.071s] -- Installing: /home/ubuntu/test/ros2-tutorials/install/learning_tf2_cpp/lib/learning_tf2_cpp/turtle_tf2_listener
[9.072s] -- Set runtime path of "/home/ubuntu/test/ros2-tutorials/install/learning_tf2_cpp/lib/learning_tf2_cpp/turtle_tf2_listener" to ""
[9.074s] Invoked command in '/home/ubuntu/test/ros2-tutorials/build/learning_tf2_cpp' returned '0': CMAKE_PREFIX_PATH=/opt/ros/humble /usr/bin/cmake --install /home/ubuntu/test/ros2-tutorials/build/learning_tf2_cpp
