[0.092s] DEBUG:colcon:Command line arguments: ['/usr/bin/colcon', 'build', '--packages-select', 'learning_tf2_cpp']
[0.092s] DEBUG:colcon:Parsed command line arguments: Namespace(log_base=None, log_level=None, verb_name='build', build_base='build', install_base='install', merge_install=False, symlink_install=False, test_result_base=None, continue_on_error=False, executor='parallel', parallel_workers=8, event_handlers=None, ignore_user_meta=False, metas=['./colcon.meta'], base_paths=['.'], packages_ignore=None, packages_ignore_regex=None, paths=None, packages_up_to=None, packages_up_to_regex=None, packages_above=None, packages_above_and_dependencies=None, packages_above_depth=None, packages_select_by_dep=None, packages_skip_by_dep=None, packages_skip_up_to=None, packages_select_build_failed=False, packages_skip_build_finished=False, packages_select_test_failures=False, packages_skip_test_passed=False, packages_select=['learning_tf2_cpp'], packages_skip=None, packages_select_regex=None, packages_skip_regex=None, packages_start=None, packages_end=None, allow_overriding=[], cmake_args=None, cmake_target=None, cmake_target_skip_unavailable=False, cmake_clean_cache=False, cmake_clean_first=False, cmake_force_configure=False, ament_cmake_args=None, catkin_cmake_args=None, catkin_skip_building_tests=False, mixin_files=None, mixin=None, verb_parser=<colcon_mixin.mixin.mixin_argument.MixinArgumentDecorator object at 0x77795e93a770>, verb_extension=<colcon_core.verb.build.BuildVerb object at 0x77795e93a2c0>, main=<bound method BuildVerb.main of <colcon_core.verb.build.BuildVerb object at 0x77795e93a2c0>>, mixin_verb=('build',))
[0.190s] Level 1:colcon.colcon_core.package_discovery:discover_packages(colcon_meta) check parameters
[0.190s] Level 1:colcon.colcon_core.package_discovery:discover_packages(recursive) check parameters
[0.190s] Level 1:colcon.colcon_core.package_discovery:discover_packages(ignore) check parameters
[0.190s] Level 1:colcon.colcon_core.package_discovery:discover_packages(path) check parameters
[0.190s] Level 1:colcon.colcon_core.package_discovery:discover_packages(colcon_meta) discover
[0.191s] Level 1:colcon.colcon_core.package_discovery:discover_packages(recursive) discover
[0.191s] INFO:colcon.colcon_core.package_discovery:Crawling recursively for packages in '/home/ubuntu/test/ros2-tutorials'
[0.191s] Level 1:colcon.colcon_core.package_identification:_identify(.) by extensions ['ignore', 'ignore_ament_install']
[0.191s] Level 1:colcon.colcon_core.package_identification:_identify(.) by extension 'ignore'
[0.191s] Level 1:colcon.colcon_core.package_identification:_identify(.) by extension 'ignore_ament_install'
[0.191s] Level 1:colcon.colcon_core.package_identification:_identify(.) by extensions ['colcon_pkg']
[0.191s] Level 1:colcon.colcon_core.package_identification:_identify(.) by extension 'colcon_pkg'
[0.191s] Level 1:colcon.colcon_core.package_identification:_identify(.) by extensions ['colcon_meta']
[0.191s] Level 1:colcon.colcon_core.package_identification:_identify(.) by extension 'colcon_meta'
[0.191s] Level 1:colcon.colcon_core.package_identification:_identify(.) by extensions ['ros']
[0.191s] Level 1:colcon.colcon_core.package_identification:_identify(.) by extension 'ros'
[0.202s] Level 1:colcon.colcon_core.package_identification:_identify(.) by extensions ['cmake', 'python']
[0.202s] Level 1:colcon.colcon_core.package_identification:_identify(.) by extension 'cmake'
[0.203s] Level 1:colcon.colcon_core.package_identification:_identify(.) by extension 'python'
[0.203s] Level 1:colcon.colcon_core.package_identification:_identify(.) by extensions ['python_setup_py']
[0.203s] Level 1:colcon.colcon_core.package_identification:_identify(.) by extension 'python_setup_py'
[0.203s] Level 1:colcon.colcon_core.package_identification:_identify(build) by extensions ['ignore', 'ignore_ament_install']
[0.203s] Level 1:colcon.colcon_core.package_identification:_identify(build) by extension 'ignore'
[0.203s] Level 1:colcon.colcon_core.package_identification:_identify(build) ignored
[0.203s] Level 1:colcon.colcon_core.package_identification:_identify(install) by extensions ['ignore', 'ignore_ament_install']
[0.203s] Level 1:colcon.colcon_core.package_identification:_identify(install) by extension 'ignore'
[0.203s] Level 1:colcon.colcon_core.package_identification:_identify(install) ignored
[0.203s] Level 1:colcon.colcon_core.package_identification:_identify(log) by extensions ['ignore', 'ignore_ament_install']
[0.203s] Level 1:colcon.colcon_core.package_identification:_identify(log) by extension 'ignore'
[0.203s] Level 1:colcon.colcon_core.package_identification:_identify(log) ignored
[0.203s] Level 1:colcon.colcon_core.package_identification:_identify(src) by extensions ['ignore', 'ignore_ament_install']
[0.203s] Level 1:colcon.colcon_core.package_identification:_identify(src) by extension 'ignore'
[0.203s] Level 1:colcon.colcon_core.package_identification:_identify(src) by extension 'ignore_ament_install'
[0.203s] Level 1:colcon.colcon_core.package_identification:_identify(src) by extensions ['colcon_pkg']
[0.203s] Level 1:colcon.colcon_core.package_identification:_identify(src) by extension 'colcon_pkg'
[0.203s] Level 1:colcon.colcon_core.package_identification:_identify(src) by extensions ['colcon_meta']
[0.203s] Level 1:colcon.colcon_core.package_identification:_identify(src) by extension 'colcon_meta'
[0.203s] Level 1:colcon.colcon_core.package_identification:_identify(src) by extensions ['ros']
[0.203s] Level 1:colcon.colcon_core.package_identification:_identify(src) by extension 'ros'
[0.203s] Level 1:colcon.colcon_core.package_identification:_identify(src) by extensions ['cmake', 'python']
[0.203s] Level 1:colcon.colcon_core.package_identification:_identify(src) by extension 'cmake'
[0.203s] Level 1:colcon.colcon_core.package_identification:_identify(src) by extension 'python'
[0.204s] Level 1:colcon.colcon_core.package_identification:_identify(src) by extensions ['python_setup_py']
[0.204s] Level 1:colcon.colcon_core.package_identification:_identify(src) by extension 'python_setup_py'
[0.204s] Level 1:colcon.colcon_core.package_identification:_identify(src/learning_tf2_cpp) by extensions ['ignore', 'ignore_ament_install']
[0.204s] Level 1:colcon.colcon_core.package_identification:_identify(src/learning_tf2_cpp) by extension 'ignore'
[0.204s] Level 1:colcon.colcon_core.package_identification:_identify(src/learning_tf2_cpp) by extension 'ignore_ament_install'
[0.204s] Level 1:colcon.colcon_core.package_identification:_identify(src/learning_tf2_cpp) by extensions ['colcon_pkg']
[0.204s] Level 1:colcon.colcon_core.package_identification:_identify(src/learning_tf2_cpp) by extension 'colcon_pkg'
[0.204s] Level 1:colcon.colcon_core.package_identification:_identify(src/learning_tf2_cpp) by extensions ['colcon_meta']
[0.204s] Level 1:colcon.colcon_core.package_identification:_identify(src/learning_tf2_cpp) by extension 'colcon_meta'
[0.204s] Level 1:colcon.colcon_core.package_identification:_identify(src/learning_tf2_cpp) by extensions ['ros']
[0.204s] Level 1:colcon.colcon_core.package_identification:_identify(src/learning_tf2_cpp) by extension 'ros'
[0.207s] DEBUG:colcon.colcon_core.package_identification:Package 'src/learning_tf2_cpp' with type 'ros.ament_cmake' and name 'learning_tf2_cpp'
[0.208s] Level 1:colcon.colcon_core.package_identification:_identify(src/urdf_tutorial) by extensions ['ignore', 'ignore_ament_install']
[0.208s] Level 1:colcon.colcon_core.package_identification:_identify(src/urdf_tutorial) by extension 'ignore'
[0.208s] Level 1:colcon.colcon_core.package_identification:_identify(src/urdf_tutorial) by extension 'ignore_ament_install'
[0.208s] Level 1:colcon.colcon_core.package_identification:_identify(src/urdf_tutorial) by extensions ['colcon_pkg']
[0.208s] Level 1:colcon.colcon_core.package_identification:_identify(src/urdf_tutorial) by extension 'colcon_pkg'
[0.208s] Level 1:colcon.colcon_core.package_identification:_identify(src/urdf_tutorial) by extensions ['colcon_meta']
[0.208s] Level 1:colcon.colcon_core.package_identification:_identify(src/urdf_tutorial) by extension 'colcon_meta'
[0.208s] Level 1:colcon.colcon_core.package_identification:_identify(src/urdf_tutorial) by extensions ['ros']
[0.208s] Level 1:colcon.colcon_core.package_identification:_identify(src/urdf_tutorial) by extension 'ros'
[0.208s] DEBUG:colcon.colcon_core.package_identification:Package 'src/urdf_tutorial' with type 'ros.ament_python' and name 'urdf_tutorial'
[0.208s] Level 1:colcon.colcon_core.package_discovery:discover_packages(recursive) using defaults
[0.208s] Level 1:colcon.colcon_core.package_discovery:discover_packages(ignore) discover
[0.208s] Level 1:colcon.colcon_core.package_discovery:discover_packages(ignore) using defaults
[0.209s] Level 1:colcon.colcon_core.package_discovery:discover_packages(path) discover
[0.209s] Level 1:colcon.colcon_core.package_discovery:discover_packages(path) using defaults
[0.228s] INFO:colcon.colcon_core.package_selection:Skipping not selected package 'urdf_tutorial' in 'src/urdf_tutorial'
[0.229s] Level 1:colcon.colcon_core.package_discovery:discover_packages(prefix_path) check parameters
[0.229s] Level 1:colcon.colcon_core.package_discovery:discover_packages(prefix_path) discover
[0.233s] DEBUG:colcon.colcon_installed_package_information.package_discovery:Found 276 installed packages in /opt/ros/humble
[0.234s] Level 1:colcon.colcon_core.package_discovery:discover_packages(prefix_path) using defaults
[0.258s] Level 5:colcon.colcon_core.verb:set package 'learning_tf2_cpp' build argument 'cmake_args' from command line to 'None'
[0.258s] Level 5:colcon.colcon_core.verb:set package 'learning_tf2_cpp' build argument 'cmake_target' from command line to 'None'
[0.258s] Level 5:colcon.colcon_core.verb:set package 'learning_tf2_cpp' build argument 'cmake_target_skip_unavailable' from command line to 'False'
[0.258s] Level 5:colcon.colcon_core.verb:set package 'learning_tf2_cpp' build argument 'cmake_clean_cache' from command line to 'False'
[0.258s] Level 5:colcon.colcon_core.verb:set package 'learning_tf2_cpp' build argument 'cmake_clean_first' from command line to 'False'
[0.258s] Level 5:colcon.colcon_core.verb:set package 'learning_tf2_cpp' build argument 'cmake_force_configure' from command line to 'False'
[0.258s] Level 5:colcon.colcon_core.verb:set package 'learning_tf2_cpp' build argument 'ament_cmake_args' from command line to 'None'
[0.258s] Level 5:colcon.colcon_core.verb:set package 'learning_tf2_cpp' build argument 'catkin_cmake_args' from command line to 'None'
[0.258s] Level 5:colcon.colcon_core.verb:set package 'learning_tf2_cpp' build argument 'catkin_skip_building_tests' from command line to 'False'
[0.258s] DEBUG:colcon.colcon_core.verb:Building package 'learning_tf2_cpp' with the following arguments: {'ament_cmake_args': None, 'build_base': '/home/ubuntu/test/ros2-tutorials/build/learning_tf2_cpp', 'catkin_cmake_args': None, 'catkin_skip_building_tests': False, 'cmake_args': None, 'cmake_clean_cache': False, 'cmake_clean_first': False, 'cmake_force_configure': False, 'cmake_target': None, 'cmake_target_skip_unavailable': False, 'install_base': '/home/ubuntu/test/ros2-tutorials/install/learning_tf2_cpp', 'merge_install': False, 'path': '/home/ubuntu/test/ros2-tutorials/src/learning_tf2_cpp', 'symlink_install': False, 'test_result_base': None}
[0.258s] INFO:colcon.colcon_core.executor:Executing jobs using 'parallel' executor
[0.259s] DEBUG:colcon.colcon_parallel_executor.executor.parallel:run_until_complete
[0.259s] INFO:colcon.colcon_ros.task.ament_cmake.build:Building ROS package in '/home/ubuntu/test/ros2-tutorials/src/learning_tf2_cpp' with build type 'ament_cmake'
[0.259s] INFO:colcon.colcon_cmake.task.cmake.build:Building CMake package in '/home/ubuntu/test/ros2-tutorials/src/learning_tf2_cpp'
[0.263s] INFO:colcon.colcon_core.plugin_system:Skipping extension 'colcon_core.shell.bat': Not used on non-Windows systems
[0.263s] INFO:colcon.colcon_core.shell:Skip shell extension 'powershell' for command environment: Not usable outside of PowerShell
[0.263s] DEBUG:colcon.colcon_core.shell:Skip shell extension 'dsv' for command environment
[0.269s] DEBUG:colcon.colcon_core.event_handler.log_command:Invoking command in '/home/ubuntu/test/ros2-tutorials/build/learning_tf2_cpp': CMAKE_PREFIX_PATH=/opt/ros/humble /usr/bin/cmake /home/ubuntu/test/ros2-tutorials/src/learning_tf2_cpp -DCMAKE_INSTALL_PREFIX=/home/ubuntu/test/ros2-tutorials/install/learning_tf2_cpp
[1.422s] DEBUG:colcon.colcon_core.event_handler.log_command:Invoked command in '/home/ubuntu/test/ros2-tutorials/build/learning_tf2_cpp' returned '0': CMAKE_PREFIX_PATH=/opt/ros/humble /usr/bin/cmake /home/ubuntu/test/ros2-tutorials/src/learning_tf2_cpp -DCMAKE_INSTALL_PREFIX=/home/ubuntu/test/ros2-tutorials/install/learning_tf2_cpp
[1.423s] DEBUG:colcon.colcon_core.event_handler.log_command:Invoking command in '/home/ubuntu/test/ros2-tutorials/build/learning_tf2_cpp': CMAKE_PREFIX_PATH=/opt/ros/humble /usr/bin/cmake --build /home/ubuntu/test/ros2-tutorials/build/learning_tf2_cpp -- -j8 -l8
[9.262s] DEBUG:colcon.colcon_core.event_handler.log_command:Invoked command in '/home/ubuntu/test/ros2-tutorials/build/learning_tf2_cpp' returned '0': CMAKE_PREFIX_PATH=/opt/ros/humble /usr/bin/cmake --build /home/ubuntu/test/ros2-tutorials/build/learning_tf2_cpp -- -j8 -l8
[9.320s] DEBUG:colcon.colcon_core.event_handler.log_command:Invoking command in '/home/ubuntu/test/ros2-tutorials/build/learning_tf2_cpp': CMAKE_PREFIX_PATH=/opt/ros/humble /usr/bin/cmake --install /home/ubuntu/test/ros2-tutorials/build/learning_tf2_cpp
[9.333s] Level 1:colcon.colcon_core.environment:create_environment_scripts_only(learning_tf2_cpp)
[9.333s] DEBUG:colcon.colcon_core.event_handler.log_command:Invoked command in '/home/ubuntu/test/ros2-tutorials/build/learning_tf2_cpp' returned '0': CMAKE_PREFIX_PATH=/opt/ros/humble /usr/bin/cmake --install /home/ubuntu/test/ros2-tutorials/build/learning_tf2_cpp
[9.344s] Level 1:colcon.colcon_core.environment:checking '/home/ubuntu/test/ros2-tutorials/install/learning_tf2_cpp' for CMake module files
[9.344s] Level 1:colcon.colcon_core.environment:checking '/home/ubuntu/test/ros2-tutorials/install/learning_tf2_cpp' for CMake config files
[9.344s] Level 1:colcon.colcon_core.shell:create_environment_hook('learning_tf2_cpp', 'cmake_prefix_path')
[9.344s] INFO:colcon.colcon_core.shell:Creating environment hook '/home/ubuntu/test/ros2-tutorials/install/learning_tf2_cpp/share/learning_tf2_cpp/hook/cmake_prefix_path.ps1'
[9.346s] INFO:colcon.colcon_core.shell:Creating environment descriptor '/home/ubuntu/test/ros2-tutorials/install/learning_tf2_cpp/share/learning_tf2_cpp/hook/cmake_prefix_path.dsv'
[9.346s] INFO:colcon.colcon_core.shell:Creating environment hook '/home/ubuntu/test/ros2-tutorials/install/learning_tf2_cpp/share/learning_tf2_cpp/hook/cmake_prefix_path.sh'
[9.347s] Level 1:colcon.colcon_core.environment:checking '/home/ubuntu/test/ros2-tutorials/install/learning_tf2_cpp/lib'
[9.347s] Level 1:colcon.colcon_core.environment:checking '/home/ubuntu/test/ros2-tutorials/install/learning_tf2_cpp/bin'
[9.347s] Level 1:colcon.colcon_core.environment:checking '/home/ubuntu/test/ros2-tutorials/install/learning_tf2_cpp/lib/pkgconfig/learning_tf2_cpp.pc'
[9.347s] Level 1:colcon.colcon_core.environment:checking '/home/ubuntu/test/ros2-tutorials/install/learning_tf2_cpp/lib/python3.10/site-packages'
[9.348s] Level 1:colcon.colcon_core.environment:checking '/home/ubuntu/test/ros2-tutorials/install/learning_tf2_cpp/bin'
[9.348s] INFO:colcon.colcon_core.shell:Creating package script '/home/ubuntu/test/ros2-tutorials/install/learning_tf2_cpp/share/learning_tf2_cpp/package.ps1'
[9.349s] INFO:colcon.colcon_core.shell:Creating package descriptor '/home/ubuntu/test/ros2-tutorials/install/learning_tf2_cpp/share/learning_tf2_cpp/package.dsv'
[9.349s] INFO:colcon.colcon_core.shell:Creating package script '/home/ubuntu/test/ros2-tutorials/install/learning_tf2_cpp/share/learning_tf2_cpp/package.sh'
[9.350s] INFO:colcon.colcon_core.shell:Creating package script '/home/ubuntu/test/ros2-tutorials/install/learning_tf2_cpp/share/learning_tf2_cpp/package.bash'
[9.352s] INFO:colcon.colcon_core.shell:Creating package script '/home/ubuntu/test/ros2-tutorials/install/learning_tf2_cpp/share/learning_tf2_cpp/package.zsh'
[9.353s] Level 1:colcon.colcon_core.environment:create_file_with_runtime_dependencies(/home/ubuntu/test/ros2-tutorials/install/learning_tf2_cpp/share/colcon-core/packages/learning_tf2_cpp)
[9.393s] Level 1:colcon.colcon_core.environment:create_environment_scripts_only(learning_tf2_cpp)
[9.393s] Level 1:colcon.colcon_core.environment:checking '/home/ubuntu/test/ros2-tutorials/install/learning_tf2_cpp' for CMake module files
[9.393s] Level 1:colcon.colcon_core.environment:checking '/home/ubuntu/test/ros2-tutorials/install/learning_tf2_cpp' for CMake config files
[9.394s] Level 1:colcon.colcon_core.shell:create_environment_hook('learning_tf2_cpp', 'cmake_prefix_path')
[9.394s] INFO:colcon.colcon_core.shell:Creating environment hook '/home/ubuntu/test/ros2-tutorials/install/learning_tf2_cpp/share/learning_tf2_cpp/hook/cmake_prefix_path.ps1'
[9.394s] INFO:colcon.colcon_core.shell:Creating environment descriptor '/home/ubuntu/test/ros2-tutorials/install/learning_tf2_cpp/share/learning_tf2_cpp/hook/cmake_prefix_path.dsv'
[9.395s] INFO:colcon.colcon_core.shell:Creating environment hook '/home/ubuntu/test/ros2-tutorials/install/learning_tf2_cpp/share/learning_tf2_cpp/hook/cmake_prefix_path.sh'
[9.395s] Level 1:colcon.colcon_core.environment:checking '/home/ubuntu/test/ros2-tutorials/install/learning_tf2_cpp/lib'
[9.396s] Level 1:colcon.colcon_core.environment:checking '/home/ubuntu/test/ros2-tutorials/install/learning_tf2_cpp/bin'
[9.396s] Level 1:colcon.colcon_core.environment:checking '/home/ubuntu/test/ros2-tutorials/install/learning_tf2_cpp/lib/pkgconfig/learning_tf2_cpp.pc'
[9.396s] Level 1:colcon.colcon_core.environment:checking '/home/ubuntu/test/ros2-tutorials/install/learning_tf2_cpp/lib/python3.10/site-packages'
[9.396s] Level 1:colcon.colcon_core.environment:checking '/home/ubuntu/test/ros2-tutorials/install/learning_tf2_cpp/bin'
[9.396s] INFO:colcon.colcon_core.shell:Creating package script '/home/ubuntu/test/ros2-tutorials/install/learning_tf2_cpp/share/learning_tf2_cpp/package.ps1'
[9.397s] INFO:colcon.colcon_core.shell:Creating package descriptor '/home/ubuntu/test/ros2-tutorials/install/learning_tf2_cpp/share/learning_tf2_cpp/package.dsv'
[9.398s] INFO:colcon.colcon_core.shell:Creating package script '/home/ubuntu/test/ros2-tutorials/install/learning_tf2_cpp/share/learning_tf2_cpp/package.sh'
[9.398s] INFO:colcon.colcon_core.shell:Creating package script '/home/ubuntu/test/ros2-tutorials/install/learning_tf2_cpp/share/learning_tf2_cpp/package.bash'
[9.399s] INFO:colcon.colcon_core.shell:Creating package script '/home/ubuntu/test/ros2-tutorials/install/learning_tf2_cpp/share/learning_tf2_cpp/package.zsh'
[9.399s] Level 1:colcon.colcon_core.environment:create_file_with_runtime_dependencies(/home/ubuntu/test/ros2-tutorials/install/learning_tf2_cpp/share/colcon-core/packages/learning_tf2_cpp)
[9.399s] DEBUG:colcon.colcon_parallel_executor.executor.parallel:closing loop
[9.400s] DEBUG:colcon.colcon_parallel_executor.executor.parallel:loop closed
[9.400s] DEBUG:colcon.colcon_parallel_executor.executor.parallel:run_until_complete finished with '0'
[9.400s] DEBUG:colcon.colcon_core.event_reactor:joining thread
[9.427s] INFO:colcon.colcon_core.plugin_system:Skipping extension 'colcon_notification.desktop_notification.terminal_notifier': Not used on non-Darwin systems
[9.427s] INFO:colcon.colcon_core.plugin_system:Skipping extension 'colcon_notification.desktop_notification.win32': Not used on non-Windows systems
[9.427s] INFO:colcon.colcon_notification.desktop_notification:Sending desktop notification using 'notify2'
[9.454s] DEBUG:colcon.colcon_core.event_reactor:joined thread
[9.454s] INFO:colcon.colcon_core.shell:Creating prefix script '/home/ubuntu/test/ros2-tutorials/install/local_setup.ps1'
[9.456s] INFO:colcon.colcon_core.shell:Creating prefix util module '/home/ubuntu/test/ros2-tutorials/install/_local_setup_util_ps1.py'
[9.457s] INFO:colcon.colcon_core.shell:Creating prefix chain script '/home/ubuntu/test/ros2-tutorials/install/setup.ps1'
[9.460s] INFO:colcon.colcon_core.shell:Creating prefix script '/home/ubuntu/test/ros2-tutorials/install/local_setup.sh'
[9.461s] INFO:colcon.colcon_core.shell:Creating prefix util module '/home/ubuntu/test/ros2-tutorials/install/_local_setup_util_sh.py'
[9.461s] INFO:colcon.colcon_core.shell:Creating prefix chain script '/home/ubuntu/test/ros2-tutorials/install/setup.sh'
[9.462s] INFO:colcon.colcon_core.shell:Creating prefix script '/home/ubuntu/test/ros2-tutorials/install/local_setup.bash'
[9.464s] INFO:colcon.colcon_core.shell:Creating prefix chain script '/home/ubuntu/test/ros2-tutorials/install/setup.bash'
[9.465s] INFO:colcon.colcon_core.shell:Creating prefix script '/home/ubuntu/test/ros2-tutorials/install/local_setup.zsh'
[9.466s] INFO:colcon.colcon_core.shell:Creating prefix chain script '/home/ubuntu/test/ros2-tutorials/install/setup.zsh'
